c:\users\matuu\desktop\portfolio\vatchallengeprogram\dx12_simple\x64\release\dx12_simple.pch
c:\users\matuu\desktop\portfolio\vatchallengeprogram\dx12_simple\x64\release\vc143.pdb
c:\users\matuu\desktop\portfolio\vatchallengeprogram\dx12_simple\x64\release\stdafx.obj
c:\users\matuu\desktop\portfolio\vatchallengeprogram\dx12_simple\x64\release\imgui_widgets.obj
c:\users\matuu\desktop\portfolio\vatchallengeprogram\dx12_simple\x64\release\imgui_tables.obj
c:\users\matuu\desktop\portfolio\vatchallengeprogram\dx12_simple\x64\release\imgui_draw.obj
c:\users\matuu\desktop\portfolio\vatchallengeprogram\dx12_simple\x64\release\imgui_demo.obj
c:\users\matuu\desktop\portfolio\vatchallengeprogram\dx12_simple\x64\release\imgui.obj
c:\users\matuu\desktop\portfolio\vatchallengeprogram\dx12_simple\x64\release\imgui_impl_win32.obj
c:\users\matuu\desktop\portfolio\vatchallengeprogram\dx12_simple\x64\release\imgui_impl_dx12.obj
c:\users\matuu\desktop\portfolio\vatchallengeprogram\dx12_simple\x64\release\vat_demo.obj
c:\users\matuu\desktop\portfolio\vatchallengeprogram\dx12_simple\x64\release\win_main.obj
c:\users\matuu\desktop\portfolio\vatchallengeprogram\dx12_simple\x64\release\texture.obj
c:\users\matuu\desktop\portfolio\vatchallengeprogram\dx12_simple\x64\release\shadow.obj
c:\users\matuu\desktop\portfolio\vatchallengeprogram\dx12_simple\x64\release\shader.obj
c:\users\matuu\desktop\portfolio\vatchallengeprogram\dx12_simple\x64\release\root_signature.obj
c:\users\matuu\desktop\portfolio\vatchallengeprogram\dx12_simple\x64\release\primitive.obj
c:\users\matuu\desktop\portfolio\vatchallengeprogram\dx12_simple\x64\release\offscreen.obj
c:\users\matuu\desktop\portfolio\vatchallengeprogram\dx12_simple\x64\release\fbx_load.obj
c:\users\matuu\desktop\portfolio\vatchallengeprogram\dx12_simple\x64\release\dx12_util.obj
c:\users\matuu\desktop\portfolio\vatchallengeprogram\dx12_simple\x64\release\dx12_imgui.obj
c:\users\matuu\desktop\portfolio\vatchallengeprogram\dx12_simple\x64\release\camera.obj
c:\users\matuu\desktop\portfolio\vatchallengeprogram\dx12_simple\x64\release\scene_util.obj
c:\users\matuu\desktop\portfolio\vatchallengeprogram\dx12_simple\x64\release\scene.obj
c:\users\matuu\desktop\portfolio\vatchallengeprogram\dx12_simple\x64\release\scene_resources.obj
c:\users\matuu\desktop\portfolio\vatchallengeprogram\dx12_simple\x64\release\scene_draw.obj
c:\users\matuu\desktop\portfolio\vatchallengeprogram\x64\release\copyback_ps.cso
c:\users\matuu\desktop\portfolio\vatchallengeprogram\x64\release\copyback_vs.cso
c:\users\matuu\desktop\portfolio\vatchallengeprogram\x64\release\lighting_ps.cso
c:\users\matuu\desktop\portfolio\vatchallengeprogram\x64\release\lighting_vs.cso
c:\users\matuu\desktop\portfolio\vatchallengeprogram\x64\release\vat_vs.cso
c:\users\matuu\desktop\portfolio\vatchallengeprogram\x64\release\dx12_simple.exe
c:\users\matuu\desktop\portfolio\vatchallengeprogram\x64\release\dx12_simple.pdb
c:\users\matuu\desktop\portfolio\vatchallengeprogram\dx12_simple\x64\release\dx12_simple.res
c:\users\matuu\desktop\portfolio\vatchallengeprogram\dx12_simple\x64\release\dx12_simple.ipdb
c:\users\matuu\desktop\portfolio\vatchallengeprogram\dx12_simple\x64\release\dx12_simple.iobj
c:\users\matuu\desktop\portfolio\vatchallengeprogram\dx12_simple\x64\release\dx12_simple.tlog\cl.command.1.tlog
c:\users\matuu\desktop\portfolio\vatchallengeprogram\dx12_simple\x64\release\dx12_simple.tlog\cl.items.tlog
c:\users\matuu\desktop\portfolio\vatchallengeprogram\dx12_simple\x64\release\dx12_simple.tlog\cl.read.1.tlog
c:\users\matuu\desktop\portfolio\vatchallengeprogram\dx12_simple\x64\release\dx12_simple.tlog\cl.write.1.tlog
c:\users\matuu\desktop\portfolio\vatchallengeprogram\dx12_simple\x64\release\dx12_simple.tlog\fxc.command.1.tlog
c:\users\matuu\desktop\portfolio\vatchallengeprogram\dx12_simple\x64\release\dx12_simple.tlog\fxc.read.1.tlog
c:\users\matuu\desktop\portfolio\vatchallengeprogram\dx12_simple\x64\release\dx12_simple.tlog\fxc.write.1.tlog
c:\users\matuu\desktop\portfolio\vatchallengeprogram\dx12_simple\x64\release\dx12_simple.tlog\link.command.1.tlog
c:\users\matuu\desktop\portfolio\vatchallengeprogram\dx12_simple\x64\release\dx12_simple.tlog\link.read.1.tlog
c:\users\matuu\desktop\portfolio\vatchallengeprogram\dx12_simple\x64\release\dx12_simple.tlog\link.secondary.1.tlog
c:\users\matuu\desktop\portfolio\vatchallengeprogram\dx12_simple\x64\release\dx12_simple.tlog\link.write.1.tlog
c:\users\matuu\desktop\portfolio\vatchallengeprogram\dx12_simple\x64\release\dx12_simple.tlog\rc.command.1.tlog
c:\users\matuu\desktop\portfolio\vatchallengeprogram\dx12_simple\x64\release\dx12_simple.tlog\rc.read.1.tlog
c:\users\matuu\desktop\portfolio\vatchallengeprogram\dx12_simple\x64\release\dx12_simple.tlog\rc.write.1.tlog
