c:\users\matuu\downloads\vatchallengeprogram\dx12_simple\x64\debug\dx12_simple.pch
c:\users\matuu\downloads\vatchallengeprogram\dx12_simple\x64\debug\vc143.pdb
c:\users\matuu\downloads\vatchallengeprogram\dx12_simple\x64\debug\vc143.idb
c:\users\matuu\downloads\vatchallengeprogram\dx12_simple\x64\debug\stdafx.obj
c:\users\matuu\downloads\vatchallengeprogram\dx12_simple\x64\debug\imgui_widgets.obj
c:\users\matuu\downloads\vatchallengeprogram\dx12_simple\x64\debug\imgui_tables.obj
c:\users\matuu\downloads\vatchallengeprogram\dx12_simple\x64\debug\imgui_draw.obj
c:\users\matuu\downloads\vatchallengeprogram\dx12_simple\x64\debug\imgui_demo.obj
c:\users\matuu\downloads\vatchallengeprogram\dx12_simple\x64\debug\imgui.obj
c:\users\matuu\downloads\vatchallengeprogram\dx12_simple\x64\debug\imgui_impl_win32.obj
c:\users\matuu\downloads\vatchallengeprogram\dx12_simple\x64\debug\imgui_impl_dx12.obj
c:\users\matuu\downloads\vatchallengeprogram\dx12_simple\x64\debug\vat_demo.obj
c:\users\matuu\downloads\vatchallengeprogram\dx12_simple\x64\debug\win_main.obj
c:\users\matuu\downloads\vatchallengeprogram\dx12_simple\x64\debug\texture.obj
c:\users\matuu\downloads\vatchallengeprogram\dx12_simple\x64\debug\shadow.obj
c:\users\matuu\downloads\vatchallengeprogram\dx12_simple\x64\debug\shader.obj
c:\users\matuu\downloads\vatchallengeprogram\dx12_simple\x64\debug\root_signature.obj
c:\users\matuu\downloads\vatchallengeprogram\dx12_simple\x64\debug\primitive.obj
c:\users\matuu\downloads\vatchallengeprogram\dx12_simple\x64\debug\offscreen.obj
c:\users\matuu\downloads\vatchallengeprogram\dx12_simple\x64\debug\fbx_load.obj
c:\users\matuu\downloads\vatchallengeprogram\dx12_simple\x64\debug\dx12_util.obj
c:\users\matuu\downloads\vatchallengeprogram\dx12_simple\x64\debug\dx12_imgui.obj
c:\users\matuu\downloads\vatchallengeprogram\dx12_simple\x64\debug\camera.obj
c:\users\matuu\downloads\vatchallengeprogram\dx12_simple\x64\debug\scene_util.obj
c:\users\matuu\downloads\vatchallengeprogram\dx12_simple\x64\debug\scene.obj
c:\users\matuu\downloads\vatchallengeprogram\dx12_simple\x64\debug\scene_resources.obj
c:\users\matuu\downloads\vatchallengeprogram\dx12_simple\x64\debug\scene_draw.obj
c:\users\matuu\downloads\vatchallengeprogram\x64\debug\bokeh_ps.cso
c:\users\matuu\downloads\vatchallengeprogram\x64\debug\coloured_ps.cso
c:\users\matuu\downloads\vatchallengeprogram\x64\debug\constant_vs.cso
c:\users\matuu\downloads\vatchallengeprogram\x64\debug\copyback_ps.cso
c:\users\matuu\downloads\vatchallengeprogram\x64\debug\copyback_vs.cso
c:\users\matuu\downloads\vatchallengeprogram\x64\debug\gaussian_ps.cso
c:\users\matuu\downloads\vatchallengeprogram\x64\debug\lighting_ps.cso
c:\users\matuu\downloads\vatchallengeprogram\x64\debug\lighting_vs.cso
c:\users\matuu\downloads\vatchallengeprogram\x64\debug\lines_vs.cso
c:\users\matuu\downloads\vatchallengeprogram\x64\debug\coloured_vs.cso
c:\users\matuu\downloads\vatchallengeprogram\x64\debug\normalmap_ps.cso
c:\users\matuu\downloads\vatchallengeprogram\x64\debug\normalmap_vs.cso
c:\users\matuu\downloads\vatchallengeprogram\x64\debug\specular_mrt_ps.cso
c:\users\matuu\downloads\vatchallengeprogram\x64\debug\toon_ps.cso
c:\users\matuu\downloads\vatchallengeprogram\x64\debug\toon_vs.cso
c:\users\matuu\downloads\vatchallengeprogram\x64\debug\vat_vs.cso
c:\users\matuu\downloads\vatchallengeprogram\x64\debug\constant_ps.cso
c:\users\matuu\downloads\vatchallengeprogram\x64\debug\dx12_simple.exe
c:\users\matuu\downloads\vatchallengeprogram\x64\debug\dx12_simple.pdb
c:\users\matuu\downloads\vatchallengeprogram\dx12_simple\x64\debug\dx12_simple.res
c:\users\matuu\downloads\vatchallengeprogram\dx12_simple\x64\debug\dx12_simple.ilk
c:\users\matuu\downloads\vatchallengeprogram\dx12_simple\x64\debug\dx12_simple.tlog\cl.command.1.tlog
c:\users\matuu\downloads\vatchallengeprogram\dx12_simple\x64\debug\dx12_simple.tlog\cl.items.tlog
c:\users\matuu\downloads\vatchallengeprogram\dx12_simple\x64\debug\dx12_simple.tlog\cl.read.1.tlog
c:\users\matuu\downloads\vatchallengeprogram\dx12_simple\x64\debug\dx12_simple.tlog\cl.write.1.tlog
c:\users\matuu\downloads\vatchallengeprogram\dx12_simple\x64\debug\dx12_simple.tlog\fxc.command.1.tlog
c:\users\matuu\downloads\vatchallengeprogram\dx12_simple\x64\debug\dx12_simple.tlog\fxc.read.1.tlog
c:\users\matuu\downloads\vatchallengeprogram\dx12_simple\x64\debug\dx12_simple.tlog\fxc.write.1.tlog
c:\users\matuu\downloads\vatchallengeprogram\dx12_simple\x64\debug\dx12_simple.tlog\link.command.1.tlog
c:\users\matuu\downloads\vatchallengeprogram\dx12_simple\x64\debug\dx12_simple.tlog\link.read.1.tlog
c:\users\matuu\downloads\vatchallengeprogram\dx12_simple\x64\debug\dx12_simple.tlog\link.secondary.1.tlog
c:\users\matuu\downloads\vatchallengeprogram\dx12_simple\x64\debug\dx12_simple.tlog\link.write.1.tlog
c:\users\matuu\downloads\vatchallengeprogram\dx12_simple\x64\debug\dx12_simple.tlog\rc.command.1.tlog
c:\users\matuu\downloads\vatchallengeprogram\dx12_simple\x64\debug\dx12_simple.tlog\rc.read.1.tlog
c:\users\matuu\downloads\vatchallengeprogram\dx12_simple\x64\debug\dx12_simple.tlog\rc.write.1.tlog
